Information: Updating design information... (UID-85)
 
****************************************
Report : timing
        -path full
        -delay min
        -max_paths 1
Design : MyDesign
Version: S-2021.06-SP3
Date   : Sun Nov 27 18:40:16 2022
****************************************

Operating Conditions: fast   Library: NangateOpenCellLibrary_PDKv1_2_v2008_10_fast_nldm
Wire Load Model Mode: top

  Startpoint: U2/conv_2_reg[7]
              (rising edge-triggered flip-flop clocked by clk)
  Endpoint: U2/shift_reg_0_reg[7]
            (rising edge-triggered flip-flop clocked by clk)
  Path Group: clk
  Path Type: min

  Point                                    Incr       Path
  -----------------------------------------------------------
  clock clk (rise edge)                  0.0000     0.0000
  clock network delay (ideal)            0.0000     0.0000
  U2/conv_2_reg[7]/CK (DFFR_X2)          0.0000     0.0000 r
  U2/conv_2_reg[7]/Q (DFFR_X2)           0.0694     0.0694 r
  U2/shift_reg_0_reg[7]/D (DFFR_X1)      0.0000     0.0694 r
  data arrival time                                 0.0694

  clock clk (rise edge)                  0.0000     0.0000
  clock network delay (ideal)            0.0000     0.0000
  clock uncertainty                      0.0500     0.0500
  U2/shift_reg_0_reg[7]/CK (DFFR_X1)     0.0000     0.0500 r
  library hold time                     -0.0086     0.0414
  data required time                                0.0414
  -----------------------------------------------------------
  data required time                                0.0414
  data arrival time                                -0.0694
  -----------------------------------------------------------
  slack (MET)                                       0.0281


1
